<?xml version="1.0" encoding="utf-8"?><testsuites name="pytest tests"><testsuite name="pytest" errors="0" failures="0" skipped="0" tests="14" time="2.153" timestamp="2026-08-23T17:32:46.575224+00:00" hostname="agent-env-06f6cff9-0dbf-4cac-923c-fafda1f78108"><testcase classname="tests.backend_test.TestSettings" name="test_get_settings_shape" time="0.241" /><testcase classname="tests.backend_test.TestQuotes" name="test_create_quote_sends_emails_and_returns_200" time="0.746" /><testcase classname="tests.backend_test.TestSettings" name="test_put_settings_persists" time="0.121" /><testcase classname="tests.backend_test.TestSettings" name="test_put_settings_reset_to_defaults" time="0.117" /><testcase classname="tests.backend_test.TestContacts" name="test_create_contact" time="0.152" /><testcase classname="tests.backend_test.TestContacts" name="test_list_contacts_contains_created" time="0.059" /><testcase classname="tests.backend_test.TestContacts" name="test_contact_missing_message_422" time="0.059" /><testcase classname="tests.backend_test.TestQuotes" name="test_quote_persisted_in_list" time="0.067" /><testcase classname="tests.backend_test.TestHealth" name="test_root" time="0.168" /><testcase classname="tests.backend_test.TestQuotes" name="test_create_quote_with_undeliverable_notification_still_200" time="0.267" /><testcase classname="tests.backend_test.TestQuotes" name="test_create_quote_invalid_email_422" time="0.070" /><testcase classname="tests.backend_test.TestQuotes" name="test_patch_status_contacted_and_closed" time="0.255" /><testcase classname="tests.backend_test.TestQuotes" name="test_patch_invalid_status_400" time="0.061" /><testcase classname="tests.backend_test.TestQuotes" name="test_patch_unknown_quote_404" time="0.123" /></testsuite></testsuites>