<?xml version="1.0" encoding="utf-8"?><testsuites name="pytest tests"><testsuite name="pytest" errors="0" failures="2" skipped="0" tests="27" time="13.634" timestamp="2026-08-25T19:27:51.471631+00:00" hostname="agent-env-06f6cff9-0dbf-4cac-923c-fafda1f78108"><testcase classname="tests.backend_test.TestAuth" name="test_root" time="0.247" /><testcase classname="tests.backend_test.TestAuth" name="test_login_admin" time="0.540" /><testcase classname="tests.backend_test.TestRegression" name="test_public_quote_create_and_admin_flow" time="2.548" /><testcase classname="tests.backend_test.TestAuth" name="test_login_wrong_password" time="0.371" /><testcase classname="tests.backend_test.TestAuth" name="test_login_unknown_email" time="0.136" /><testcase classname="tests.backend_test.TestAuth" name="test_me_with_token" time="0.494" /><testcase classname="tests.backend_test.TestAuth" name="test_me_no_token" time="0.182" /><testcase classname="tests.backend_test.TestAuth" name="test_me_bad_token" time="0.146" /><testcase classname="tests.backend_test.TestAuth" name="test_brute_force_lockout" time="2.345"><failure message="AssertionError: No lockout/throttle after 6 bad logins: [401, 401, 401, 401, 401, 401]&#10;assert (429 in [401, 401, 401, 401, 401, 401] or 423 in [401, 401, 401, 401, 401, 401])">E   AssertionError: No lockout/throttle after 6 bad logins: [401, 401, 401, 401, 401, 401]
    assert (429 in [401, 401, 401, 401, 401, 401] or 423 in [401, 401, 401, 401, 401, 401])</failure></testcase><testcase classname="tests.backend_test.TestRegression" name="test_employee_can_update_quote_status_but_not_edit" time="2.496" /><testcase classname="tests.backend_test.TestUsers" name="test_create_list_update_delete_user" time="2.786" /><testcase classname="tests.backend_test.TestRegression" name="test_contacts_flow" time="1.283" /><testcase classname="tests.backend_test.TestRegression" name="test_applications_flow" time="0.932" /><testcase classname="tests.backend_test.TestUsers" name="test_disabled_user_cannot_login" time="1.098" /><testcase classname="tests.backend_test.TestRegression" name="test_settings_public_read_and_admin_write" time="0.826" /><testcase classname="tests.backend_test.TestRegression" name="test_dashboard_shape" time="0.159" /><testcase classname="tests.backend_test.TestRegression" name="test_clients_vehicles_crud_admin" time="1.349" /><testcase classname="tests.backend_test.TestUsers" name="test_validation_guards" time="0.918" /><testcase classname="tests.backend_test.TestUsers" name="test_update_to_duplicate_email" time="0.676"><failure message="AssertionError: expected 400, got 500: Internal Server Error&#10;assert 500 == 400&#10; +  where 500 = &lt;Response [500]&gt;.status_code">E   AssertionError: expected 400, got 500: Internal Server Error
    assert 500 == 400
     +  where 500 = &lt;Response [500]&gt;.status_code</failure></testcase><testcase classname="tests.backend_test.TestRBAC" name="test_employee_read_allowed" time="0.922" /><testcase classname="tests.backend_test.TestUsers" name="test_cannot_delete_self" time="0.398" /><testcase classname="tests.backend_test.TestUsers" name="test_cannot_demote_last_admin" time="0.604" /><testcase classname="tests.backend_test.TestRBAC" name="test_employee_denied_writes" time="0.618" /><testcase classname="tests.backend_test.TestSeed" name="test_bcrypt_hash_format" time="0.695" /><testcase classname="tests.backend_test.TestRBAC" name="test_manager_permissions" time="0.665" /><testcase classname="tests.backend_test.TestRBAC" name="test_admin_permissions" time="0.485" /><testcase classname="tests.backend_test.TestRBAC" name="test_unauthenticated_protected_endpoints" time="0.706" /></testsuite></testsuites>